versions pytest-4.3.1, py-1.8.0, python-3.7.3.final.0
cwd=/home/sudheer/workspace/gavika/ansible-roles/easy_rsa/molecule/default
args=['--connection=ansible', '--ansible-inventory=/tmp/molecule/easy_rsa/default/inventory/ansible_inventory.yml', '-p', 'no:cacheprovider', '--debug', '/home/sudheer/workspace/gavika/ansible-roles/easy_rsa/molecule/default/tests/test_default.py', '-vvv']

  pytest_cmdline_main [hook]
      config: <_pytest.config.Config object at 0x7ff327ba4f28>
    pytest_plugin_registered [hook]
        plugin: <Session default>
        manager: <_pytest.config.PytestPluginManager object at 0x7ff32865e0f0>
    finish pytest_plugin_registered --> [] [hook]
    pytest_configure [hook]
        config: <_pytest.config.Config object at 0x7ff327ba4f28>
    early skip of rewriting module: py._io [assertion]
    early skip of rewriting module: py._io.terminalwriter [assertion]
    early skip of rewriting module: unicodedata [assertion]
    early skip of rewriting module: py._builtin [assertion]
      pytest_plugin_registered [hook]
          plugin: <_pytest.config.PytestPluginManager object at 0x7ff32865e0f0>
          manager: <_pytest.config.PytestPluginManager object at 0x7ff32865e0f0>
      finish pytest_plugin_registered --> [] [hook]
      pytest_plugin_registered [hook]
          plugin: <_pytest.config.Config object at 0x7ff327ba4f28>
          manager: <_pytest.config.PytestPluginManager object at 0x7ff32865e0f0>
      finish pytest_plugin_registered --> [] [hook]
      pytest_plugin_registered [hook]
          plugin: <module '_pytest.mark' from '/home/sudheer/workspace/sudheer-projects/ansible-roles/moleculeenv/lib64/python3.7/site-packages/_pytest/mark/__init__.py'>
          manager: <_pytest.config.PytestPluginManager object at 0x7ff32865e0f0>
      finish pytest_plugin_registered --> [] [hook]
      pytest_plugin_registered [hook]
          plugin: <module '_pytest.main' from '/home/sudheer/workspace/sudheer-projects/ansible-roles/moleculeenv/lib64/python3.7/site-packages/_pytest/main.py'>
          manager: <_pytest.config.PytestPluginManager object at 0x7ff32865e0f0>
      finish pytest_plugin_registered --> [] [hook]
      pytest_plugin_registered [hook]
          plugin: <module '_pytest.terminal' from '/home/sudheer/workspace/sudheer-projects/ansible-roles/moleculeenv/lib64/python3.7/site-packages/_pytest/terminal.py'>
          manager: <_pytest.config.PytestPluginManager object at 0x7ff32865e0f0>
      finish pytest_plugin_registered --> [] [hook]
      pytest_plugin_registered [hook]
          plugin: <module '_pytest.runner' from '/home/sudheer/workspace/sudheer-projects/ansible-roles/moleculeenv/lib64/python3.7/site-packages/_pytest/runner.py'>
          manager: <_pytest.config.PytestPluginManager object at 0x7ff32865e0f0>
      finish pytest_plugin_registered --> [] [hook]
      pytest_plugin_registered [hook]
          plugin: <module '_pytest.python' from '/home/sudheer/workspace/sudheer-projects/ansible-roles/moleculeenv/lib64/python3.7/site-packages/_pytest/python.py'>
          manager: <_pytest.config.PytestPluginManager object at 0x7ff32865e0f0>
      finish pytest_plugin_registered --> [] [hook]
      pytest_plugin_registered [hook]
          plugin: <module '_pytest.fixtures' from '/home/sudheer/workspace/sudheer-projects/ansible-roles/moleculeenv/lib64/python3.7/site-packages/_pytest/fixtures.py'>
          manager: <_pytest.config.PytestPluginManager object at 0x7ff32865e0f0>
      finish pytest_plugin_registered --> [] [hook]
      pytest_plugin_registered [hook]
          plugin: <module '_pytest.debugging' from '/home/sudheer/workspace/sudheer-projects/ansible-roles/moleculeenv/lib64/python3.7/site-packages/_pytest/debugging.py'>
          manager: <_pytest.config.PytestPluginManager object at 0x7ff32865e0f0>
      finish pytest_plugin_registered --> [] [hook]
      pytest_plugin_registered [hook]
          plugin: <module '_pytest.unittest' from '/home/sudheer/workspace/sudheer-projects/ansible-roles/moleculeenv/lib64/python3.7/site-packages/_pytest/unittest.py'>
          manager: <_pytest.config.PytestPluginManager object at 0x7ff32865e0f0>
      finish pytest_plugin_registered --> [] [hook]
      pytest_plugin_registered [hook]
          plugin: <module '_pytest.capture' from '/home/sudheer/workspace/sudheer-projects/ansible-roles/moleculeenv/lib64/python3.7/site-packages/_pytest/capture.py'>
          manager: <_pytest.config.PytestPluginManager object at 0x7ff32865e0f0>
      finish pytest_plugin_registered --> [] [hook]
      pytest_plugin_registered [hook]
          plugin: <module '_pytest.skipping' from '/home/sudheer/workspace/sudheer-projects/ansible-roles/moleculeenv/lib64/python3.7/site-packages/_pytest/skipping.py'>
          manager: <_pytest.config.PytestPluginManager object at 0x7ff32865e0f0>
      finish pytest_plugin_registered --> [] [hook]
      pytest_plugin_registered [hook]
          plugin: <module '_pytest.tmpdir' from '/home/sudheer/workspace/sudheer-projects/ansible-roles/moleculeenv/lib64/python3.7/site-packages/_pytest/tmpdir.py'>
          manager: <_pytest.config.PytestPluginManager object at 0x7ff32865e0f0>
      finish pytest_plugin_registered --> [] [hook]
      pytest_plugin_registered [hook]
          plugin: <module '_pytest.monkeypatch' from '/home/sudheer/workspace/sudheer-projects/ansible-roles/moleculeenv/lib64/python3.7/site-packages/_pytest/monkeypatch.py'>
          manager: <_pytest.config.PytestPluginManager object at 0x7ff32865e0f0>
      finish pytest_plugin_registered --> [] [hook]
      pytest_plugin_registered [hook]
          plugin: <module '_pytest.recwarn' from '/home/sudheer/workspace/sudheer-projects/ansible-roles/moleculeenv/lib64/python3.7/site-packages/_pytest/recwarn.py'>
          manager: <_pytest.config.PytestPluginManager object at 0x7ff32865e0f0>
      finish pytest_plugin_registered --> [] [hook]
      pytest_plugin_registered [hook]
          plugin: <module '_pytest.pastebin' from '/home/sudheer/workspace/sudheer-projects/ansible-roles/moleculeenv/lib64/python3.7/site-packages/_pytest/pastebin.py'>
          manager: <_pytest.config.PytestPluginManager object at 0x7ff32865e0f0>
      finish pytest_plugin_registered --> [] [hook]
      pytest_plugin_registered [hook]
          plugin: <module '_pytest.helpconfig' from '/home/sudheer/workspace/sudheer-projects/ansible-roles/moleculeenv/lib64/python3.7/site-packages/_pytest/helpconfig.py'>
          manager: <_pytest.config.PytestPluginManager object at 0x7ff32865e0f0>
      finish pytest_plugin_registered --> [] [hook]
      pytest_plugin_registered [hook]
          plugin: <module '_pytest.nose' from '/home/sudheer/workspace/sudheer-projects/ansible-roles/moleculeenv/lib64/python3.7/site-packages/_pytest/nose.py'>
          manager: <_pytest.config.PytestPluginManager object at 0x7ff32865e0f0>
      finish pytest_plugin_registered --> [] [hook]
      pytest_plugin_registered [hook]
          plugin: <module '_pytest.assertion' from '/home/sudheer/workspace/sudheer-projects/ansible-roles/moleculeenv/lib64/python3.7/site-packages/_pytest/assertion/__init__.py'>
          manager: <_pytest.config.PytestPluginManager object at 0x7ff32865e0f0>
      finish pytest_plugin_registered --> [] [hook]
      pytest_plugin_registered [hook]
          plugin: <module '_pytest.junitxml' from '/home/sudheer/workspace/sudheer-projects/ansible-roles/moleculeenv/lib64/python3.7/site-packages/_pytest/junitxml.py'>
          manager: <_pytest.config.PytestPluginManager object at 0x7ff32865e0f0>
      finish pytest_plugin_registered --> [] [hook]
      pytest_plugin_registered [hook]
          plugin: <module '_pytest.resultlog' from '/home/sudheer/workspace/sudheer-projects/ansible-roles/moleculeenv/lib64/python3.7/site-packages/_pytest/resultlog.py'>
          manager: <_pytest.config.PytestPluginManager object at 0x7ff32865e0f0>
      finish pytest_plugin_registered --> [] [hook]
      pytest_plugin_registered [hook]
          plugin: <module '_pytest.doctest' from '/home/sudheer/workspace/sudheer-projects/ansible-roles/moleculeenv/lib64/python3.7/site-packages/_pytest/doctest.py'>
          manager: <_pytest.config.PytestPluginManager object at 0x7ff32865e0f0>
      finish pytest_plugin_registered --> [] [hook]
      pytest_plugin_registered [hook]
          plugin: <module '_pytest.cacheprovider' from '/home/sudheer/workspace/sudheer-projects/ansible-roles/moleculeenv/lib64/python3.7/site-packages/_pytest/cacheprovider.py'>
          manager: <_pytest.config.PytestPluginManager object at 0x7ff32865e0f0>
      finish pytest_plugin_registered --> [] [hook]
      pytest_plugin_registered [hook]
          plugin: <module '_pytest.freeze_support' from '/home/sudheer/workspace/sudheer-projects/ansible-roles/moleculeenv/lib64/python3.7/site-packages/_pytest/freeze_support.py'>
          manager: <_pytest.config.PytestPluginManager object at 0x7ff32865e0f0>
      finish pytest_plugin_registered --> [] [hook]
      pytest_plugin_registered [hook]
          plugin: <module '_pytest.setuponly' from '/home/sudheer/workspace/sudheer-projects/ansible-roles/moleculeenv/lib64/python3.7/site-packages/_pytest/setuponly.py'>
          manager: <_pytest.config.PytestPluginManager object at 0x7ff32865e0f0>
      finish pytest_plugin_registered --> [] [hook]
      pytest_plugin_registered [hook]
          plugin: <module '_pytest.setupplan' from '/home/sudheer/workspace/sudheer-projects/ansible-roles/moleculeenv/lib64/python3.7/site-packages/_pytest/setupplan.py'>
          manager: <_pytest.config.PytestPluginManager object at 0x7ff32865e0f0>
      finish pytest_plugin_registered --> [] [hook]
      pytest_plugin_registered [hook]
          plugin: <module '_pytest.stepwise' from '/home/sudheer/workspace/sudheer-projects/ansible-roles/moleculeenv/lib64/python3.7/site-packages/_pytest/stepwise.py'>
          manager: <_pytest.config.PytestPluginManager object at 0x7ff32865e0f0>
      finish pytest_plugin_registered --> [] [hook]
      pytest_plugin_registered [hook]
          plugin: <module '_pytest.warnings' from '/home/sudheer/workspace/sudheer-projects/ansible-roles/moleculeenv/lib64/python3.7/site-packages/_pytest/warnings.py'>
          manager: <_pytest.config.PytestPluginManager object at 0x7ff32865e0f0>
      finish pytest_plugin_registered --> [] [hook]
      pytest_plugin_registered [hook]
          plugin: <module '_pytest.logging' from '/home/sudheer/workspace/sudheer-projects/ansible-roles/moleculeenv/lib64/python3.7/site-packages/_pytest/logging.py'>
          manager: <_pytest.config.PytestPluginManager object at 0x7ff32865e0f0>
      finish pytest_plugin_registered --> [] [hook]
      pytest_plugin_registered [hook]
          plugin: <module 'testinfra.plugin' from '/home/sudheer/workspace/sudheer-projects/ansible-roles/moleculeenv/lib64/python3.7/site-packages/testinfra/plugin.py'>
          manager: <_pytest.config.PytestPluginManager object at 0x7ff32865e0f0>
      finish pytest_plugin_registered --> [] [hook]
      pytest_plugin_registered [hook]
          plugin: <_pytest.capture.CaptureManager object at 0x7ff3276fb710>
          manager: <_pytest.config.PytestPluginManager object at 0x7ff32865e0f0>
      finish pytest_plugin_registered --> [] [hook]
      pytest_plugin_registered [hook]
          plugin: <Session default>
          manager: <_pytest.config.PytestPluginManager object at 0x7ff32865e0f0>
      finish pytest_plugin_registered --> [] [hook]
      pytest_plugin_registered [hook]
          plugin: <_pytest.terminal.TerminalReporter object at 0x7ff3276ac2e8>
          manager: <_pytest.config.PytestPluginManager object at 0x7ff32865e0f0>
      finish pytest_plugin_registered --> [] [hook]
      pytest_plugin_registered [hook]
          plugin: <_pytest.logging.LoggingPlugin object at 0x7ff3276acb00>
          manager: <_pytest.config.PytestPluginManager object at 0x7ff32865e0f0>
      finish pytest_plugin_registered --> [] [hook]
    finish pytest_configure --> [] [hook]
    pytest_sessionstart [hook]
        session: <Session default>
      pytest_plugin_registered [hook]
          plugin: <_pytest.config.PytestPluginManager object at 0x7ff32865e0f0>
          manager: <_pytest.config.PytestPluginManager object at 0x7ff32865e0f0>
      finish pytest_plugin_registered --> [] [hook]
      pytest_plugin_registered [hook]
          plugin: <_pytest.config.Config object at 0x7ff327ba4f28>
          manager: <_pytest.config.PytestPluginManager object at 0x7ff32865e0f0>
      finish pytest_plugin_registered --> [] [hook]
      pytest_plugin_registered [hook]
          plugin: <module '_pytest.mark' from '/home/sudheer/workspace/sudheer-projects/ansible-roles/moleculeenv/lib64/python3.7/site-packages/_pytest/mark/__init__.py'>
          manager: <_pytest.config.PytestPluginManager object at 0x7ff32865e0f0>
      finish pytest_plugin_registered --> [] [hook]
      pytest_plugin_registered [hook]
          plugin: <module '_pytest.main' from '/home/sudheer/workspace/sudheer-projects/ansible-roles/moleculeenv/lib64/python3.7/site-packages/_pytest/main.py'>
          manager: <_pytest.config.PytestPluginManager object at 0x7ff32865e0f0>
      finish pytest_plugin_registered --> [] [hook]
      pytest_plugin_registered [hook]
          plugin: <module '_pytest.terminal' from '/home/sudheer/workspace/sudheer-projects/ansible-roles/moleculeenv/lib64/python3.7/site-packages/_pytest/terminal.py'>
          manager: <_pytest.config.PytestPluginManager object at 0x7ff32865e0f0>
      finish pytest_plugin_registered --> [] [hook]
      pytest_plugin_registered [hook]
          plugin: <module '_pytest.runner' from '/home/sudheer/workspace/sudheer-projects/ansible-roles/moleculeenv/lib64/python3.7/site-packages/_pytest/runner.py'>
          manager: <_pytest.config.PytestPluginManager object at 0x7ff32865e0f0>
      finish pytest_plugin_registered --> [] [hook]
      pytest_plugin_registered [hook]
          plugin: <module '_pytest.python' from '/home/sudheer/workspace/sudheer-projects/ansible-roles/moleculeenv/lib64/python3.7/site-packages/_pytest/python.py'>
          manager: <_pytest.config.PytestPluginManager object at 0x7ff32865e0f0>
      finish pytest_plugin_registered --> [] [hook]
      pytest_plugin_registered [hook]
          plugin: <module '_pytest.fixtures' from '/home/sudheer/workspace/sudheer-projects/ansible-roles/moleculeenv/lib64/python3.7/site-packages/_pytest/fixtures.py'>
          manager: <_pytest.config.PytestPluginManager object at 0x7ff32865e0f0>
      finish pytest_plugin_registered --> [] [hook]
      pytest_plugin_registered [hook]
          plugin: <module '_pytest.debugging' from '/home/sudheer/workspace/sudheer-projects/ansible-roles/moleculeenv/lib64/python3.7/site-packages/_pytest/debugging.py'>
          manager: <_pytest.config.PytestPluginManager object at 0x7ff32865e0f0>
      finish pytest_plugin_registered --> [] [hook]
      pytest_plugin_registered [hook]
          plugin: <module '_pytest.unittest' from '/home/sudheer/workspace/sudheer-projects/ansible-roles/moleculeenv/lib64/python3.7/site-packages/_pytest/unittest.py'>
          manager: <_pytest.config.PytestPluginManager object at 0x7ff32865e0f0>
      finish pytest_plugin_registered --> [] [hook]
      pytest_plugin_registered [hook]
          plugin: <module '_pytest.capture' from '/home/sudheer/workspace/sudheer-projects/ansible-roles/moleculeenv/lib64/python3.7/site-packages/_pytest/capture.py'>
          manager: <_pytest.config.PytestPluginManager object at 0x7ff32865e0f0>
      finish pytest_plugin_registered --> [] [hook]
      pytest_plugin_registered [hook]
          plugin: <module '_pytest.skipping' from '/home/sudheer/workspace/sudheer-projects/ansible-roles/moleculeenv/lib64/python3.7/site-packages/_pytest/skipping.py'>
          manager: <_pytest.config.PytestPluginManager object at 0x7ff32865e0f0>
      finish pytest_plugin_registered --> [] [hook]
      pytest_plugin_registered [hook]
          plugin: <module '_pytest.tmpdir' from '/home/sudheer/workspace/sudheer-projects/ansible-roles/moleculeenv/lib64/python3.7/site-packages/_pytest/tmpdir.py'>
          manager: <_pytest.config.PytestPluginManager object at 0x7ff32865e0f0>
      finish pytest_plugin_registered --> [] [hook]
      pytest_plugin_registered [hook]
          plugin: <module '_pytest.monkeypatch' from '/home/sudheer/workspace/sudheer-projects/ansible-roles/moleculeenv/lib64/python3.7/site-packages/_pytest/monkeypatch.py'>
          manager: <_pytest.config.PytestPluginManager object at 0x7ff32865e0f0>
      finish pytest_plugin_registered --> [] [hook]
      pytest_plugin_registered [hook]
          plugin: <module '_pytest.recwarn' from '/home/sudheer/workspace/sudheer-projects/ansible-roles/moleculeenv/lib64/python3.7/site-packages/_pytest/recwarn.py'>
          manager: <_pytest.config.PytestPluginManager object at 0x7ff32865e0f0>
      finish pytest_plugin_registered --> [] [hook]
      pytest_plugin_registered [hook]
          plugin: <module '_pytest.pastebin' from '/home/sudheer/workspace/sudheer-projects/ansible-roles/moleculeenv/lib64/python3.7/site-packages/_pytest/pastebin.py'>
          manager: <_pytest.config.PytestPluginManager object at 0x7ff32865e0f0>
      finish pytest_plugin_registered --> [] [hook]
      pytest_plugin_registered [hook]
          plugin: <module '_pytest.helpconfig' from '/home/sudheer/workspace/sudheer-projects/ansible-roles/moleculeenv/lib64/python3.7/site-packages/_pytest/helpconfig.py'>
          manager: <_pytest.config.PytestPluginManager object at 0x7ff32865e0f0>
      finish pytest_plugin_registered --> [] [hook]
      pytest_plugin_registered [hook]
          plugin: <module '_pytest.nose' from '/home/sudheer/workspace/sudheer-projects/ansible-roles/moleculeenv/lib64/python3.7/site-packages/_pytest/nose.py'>
          manager: <_pytest.config.PytestPluginManager object at 0x7ff32865e0f0>
      finish pytest_plugin_registered --> [] [hook]
      pytest_plugin_registered [hook]
          plugin: <module '_pytest.assertion' from '/home/sudheer/workspace/sudheer-projects/ansible-roles/moleculeenv/lib64/python3.7/site-packages/_pytest/assertion/__init__.py'>
          manager: <_pytest.config.PytestPluginManager object at 0x7ff32865e0f0>
      finish pytest_plugin_registered --> [] [hook]
      pytest_plugin_registered [hook]
          plugin: <module '_pytest.junitxml' from '/home/sudheer/workspace/sudheer-projects/ansible-roles/moleculeenv/lib64/python3.7/site-packages/_pytest/junitxml.py'>
          manager: <_pytest.config.PytestPluginManager object at 0x7ff32865e0f0>
      finish pytest_plugin_registered --> [] [hook]
      pytest_plugin_registered [hook]
          plugin: <module '_pytest.resultlog' from '/home/sudheer/workspace/sudheer-projects/ansible-roles/moleculeenv/lib64/python3.7/site-packages/_pytest/resultlog.py'>
          manager: <_pytest.config.PytestPluginManager object at 0x7ff32865e0f0>
      finish pytest_plugin_registered --> [] [hook]
      pytest_plugin_registered [hook]
          plugin: <module '_pytest.doctest' from '/home/sudheer/workspace/sudheer-projects/ansible-roles/moleculeenv/lib64/python3.7/site-packages/_pytest/doctest.py'>
          manager: <_pytest.config.PytestPluginManager object at 0x7ff32865e0f0>
      finish pytest_plugin_registered --> [] [hook]
      pytest_plugin_registered [hook]
          plugin: <module '_pytest.cacheprovider' from '/home/sudheer/workspace/sudheer-projects/ansible-roles/moleculeenv/lib64/python3.7/site-packages/_pytest/cacheprovider.py'>
          manager: <_pytest.config.PytestPluginManager object at 0x7ff32865e0f0>
      finish pytest_plugin_registered --> [] [hook]
      pytest_plugin_registered [hook]
          plugin: <module '_pytest.freeze_support' from '/home/sudheer/workspace/sudheer-projects/ansible-roles/moleculeenv/lib64/python3.7/site-packages/_pytest/freeze_support.py'>
          manager: <_pytest.config.PytestPluginManager object at 0x7ff32865e0f0>
      finish pytest_plugin_registered --> [] [hook]
      pytest_plugin_registered [hook]
          plugin: <module '_pytest.setuponly' from '/home/sudheer/workspace/sudheer-projects/ansible-roles/moleculeenv/lib64/python3.7/site-packages/_pytest/setuponly.py'>
          manager: <_pytest.config.PytestPluginManager object at 0x7ff32865e0f0>
      finish pytest_plugin_registered --> [] [hook]
      pytest_plugin_registered [hook]
          plugin: <module '_pytest.setupplan' from '/home/sudheer/workspace/sudheer-projects/ansible-roles/moleculeenv/lib64/python3.7/site-packages/_pytest/setupplan.py'>
          manager: <_pytest.config.PytestPluginManager object at 0x7ff32865e0f0>
      finish pytest_plugin_registered --> [] [hook]
      pytest_plugin_registered [hook]
          plugin: <module '_pytest.stepwise' from '/home/sudheer/workspace/sudheer-projects/ansible-roles/moleculeenv/lib64/python3.7/site-packages/_pytest/stepwise.py'>
          manager: <_pytest.config.PytestPluginManager object at 0x7ff32865e0f0>
      finish pytest_plugin_registered --> [] [hook]
      pytest_plugin_registered [hook]
          plugin: <module '_pytest.warnings' from '/home/sudheer/workspace/sudheer-projects/ansible-roles/moleculeenv/lib64/python3.7/site-packages/_pytest/warnings.py'>
          manager: <_pytest.config.PytestPluginManager object at 0x7ff32865e0f0>
      finish pytest_plugin_registered --> [] [hook]
      pytest_plugin_registered [hook]
          plugin: <module '_pytest.logging' from '/home/sudheer/workspace/sudheer-projects/ansible-roles/moleculeenv/lib64/python3.7/site-packages/_pytest/logging.py'>
          manager: <_pytest.config.PytestPluginManager object at 0x7ff32865e0f0>
      finish pytest_plugin_registered --> [] [hook]
      pytest_plugin_registered [hook]
          plugin: <module 'testinfra.plugin' from '/home/sudheer/workspace/sudheer-projects/ansible-roles/moleculeenv/lib64/python3.7/site-packages/testinfra/plugin.py'>
          manager: <_pytest.config.PytestPluginManager object at 0x7ff32865e0f0>
      finish pytest_plugin_registered --> [] [hook]
      pytest_plugin_registered [hook]
          plugin: <_pytest.capture.CaptureManager object at 0x7ff3276fb710>
          manager: <_pytest.config.PytestPluginManager object at 0x7ff32865e0f0>
      finish pytest_plugin_registered --> [] [hook]
      pytest_plugin_registered [hook]
          plugin: <Session default>
          manager: <_pytest.config.PytestPluginManager object at 0x7ff32865e0f0>
      finish pytest_plugin_registered --> [] [hook]
      pytest_plugin_registered [hook]
          plugin: <_pytest.terminal.TerminalReporter object at 0x7ff3276ac2e8>
          manager: <_pytest.config.PytestPluginManager object at 0x7ff32865e0f0>
      finish pytest_plugin_registered --> [] [hook]
      pytest_plugin_registered [hook]
          plugin: <_pytest.logging.LoggingPlugin object at 0x7ff3276acb00>
          manager: <_pytest.config.PytestPluginManager object at 0x7ff32865e0f0>
      finish pytest_plugin_registered --> [] [hook]
      pytest_plugin_registered [hook]
          plugin: <_pytest.fixtures.FixtureManager object at 0x7ff3276acc18>
          manager: <_pytest.config.PytestPluginManager object at 0x7ff32865e0f0>
      finish pytest_plugin_registered --> [] [hook]
      pytest_report_header [hook]
          config: <_pytest.config.Config object at 0x7ff327ba4f28>
          startdir: /home/sudheer/workspace/gavika/ansible-roles/easy_rsa/molecule/default
      finish pytest_report_header --> [['rootdir: /home/sudheer/workspace/gavika/ansible-roles/easy_rsa/molecule/default, inifile:', 'plugins: testinfra-3.0.5'], ['using: pytest-4.3.1 pylib-1.8.0', 'setuptools registered plugins:', '  testinfra-3.0.5 at /home/sudheer/workspace/sudheer-projects/ansible-roles/moleculeenv/lib64/python3.7/site-packages/testinfra/plugin.py']] [hook]
    finish pytest_sessionstart --> [] [hook]
    pytest_collection [hook]
        session: <Session default>
    perform_collect <Session default> ['/home/sudheer/workspace/gavika/ansible-roles/easy_rsa/molecule/default/tests/test_default.py'] [collection]
        pytest_collectstart [hook]
            collector: <Session default>
        finish pytest_collectstart --> [] [hook]
        pytest_make_collect_report [hook]
            collector: <Session default>
        processing argument /home/sudheer/workspace/gavika/ansible-roles/easy_rsa/molecule/default/tests/test_default.py [collection]
            pytest_collect_file [hook]
                path: /home/sudheer/workspace/gavika/ansible-roles/easy_rsa/molecule/default/tests/test_default.py
                parent: <Session default>
              pytest_pycollect_makemodule [hook]
                  path: /home/sudheer/workspace/gavika/ansible-roles/easy_rsa/molecule/default/tests/test_default.py
                  parent: <Session default>
              finish pytest_pycollect_makemodule --> <Module tests/test_default.py> [hook]
            finish pytest_collect_file --> [<Module tests/test_default.py>] [hook]
          matchnodes [<Module tests/test_default.py>] [] [collection]
            matchnodes finished ->  1 nodes [collection]
        finish pytest_make_collect_report --> <CollectReport '' lenresult=1 outcome='passed'> [hook]
        pytest_collectreport [hook]
            report: <CollectReport '' lenresult=1 outcome='passed'>
        finish pytest_collectreport --> [] [hook]
    genitems <Module tests/test_default.py> [collection]
      pytest_collectstart [hook]
          collector: <Module tests/test_default.py>
      finish pytest_collectstart --> [] [hook]
      pytest_make_collect_report [hook]
          collector: <Module tests/test_default.py>
      find_module called for: test_default [assertion]
      matched test file (was specified on cmdline): '/home/sudheer/workspace/gavika/ansible-roles/easy_rsa/molecule/default/tests/test_default.py' [assertion]
      found cached rewritten pyc for '/home/sudheer/workspace/gavika/ansible-roles/easy_rsa/molecule/default/tests/test_default.py' [assertion]
      matched marked file 'testinfra.utils' (from 'testinfra') [assertion]
      find_module called for: testinfra.utils [assertion]
      rewriting '/home/sudheer/workspace/sudheer-projects/ansible-roles/moleculeenv/lib64/python3.7/site-packages/testinfra/utils.py' [assertion]
      early skip of rewriting module: ipaddress [assertion]
      matched marked file 'testinfra.utils.ansible_runner' (from 'testinfra') [assertion]
      find_module called for: testinfra.utils.ansible_runner [assertion]
      found cached rewritten pyc for '/home/sudheer/workspace/sudheer-projects/ansible-roles/moleculeenv/lib64/python3.7/site-packages/testinfra/utils/ansible_runner.py' [assertion]
      early skip of rewriting module: configparser [assertion]
      matched marked file 'testinfra.backend.local' (from 'testinfra') [assertion]
      find_module called for: testinfra.backend.local [assertion]
      found cached rewritten pyc for '/home/sudheer/workspace/sudheer-projects/ansible-roles/moleculeenv/lib64/python3.7/site-packages/testinfra/backend/local.py' [assertion]
      matched marked file 'testinfra.backend.base' (from 'testinfra') [assertion]
      find_module called for: testinfra.backend.base [assertion]
      found cached rewritten pyc for '/home/sudheer/workspace/sudheer-projects/ansible-roles/moleculeenv/lib64/python3.7/site-packages/testinfra/backend/base.py' [assertion]
      early skip of rewriting module: pipes [assertion]
        pytest_pycollect_makeitem [hook]
            collector: <Module tests/test_default.py>
            name: __name__
            obj: test_default
        finish pytest_pycollect_makeitem --> None [hook]
        pytest_pycollect_makeitem [hook]
            collector: <Module tests/test_default.py>
            name: __doc__
            obj: None
        finish pytest_pycollect_makeitem --> None [hook]
        pytest_pycollect_makeitem [hook]
            collector: <Module tests/test_default.py>
            name: __package__
            obj: 
        finish pytest_pycollect_makeitem --> None [hook]
        pytest_pycollect_makeitem [hook]
            collector: <Module tests/test_default.py>
            name: __loader__
            obj: <_pytest.assertion.rewrite.AssertionRewritingHook object at 0x7ff327ab59b0>
        finish pytest_pycollect_makeitem --> None [hook]
        pytest_pycollect_makeitem [hook]
            collector: <Module tests/test_default.py>
            name: __spec__
            obj: ModuleSpec(name='test_default', loader=<_pytest.assertion.rewrite.AssertionRewritingHook object at 0x7ff327ab59b0>, origin='/home/sudheer/workspace/gavika/ansible-roles/easy_rsa/molecule/default/tests/test_default.py')
        finish pytest_pycollect_makeitem --> None [hook]
        pytest_pycollect_makeitem [hook]
            collector: <Module tests/test_default.py>
            name: __file__
            obj: /home/sudheer/workspace/gavika/ansible-roles/easy_rsa/molecule/default/tests/test_default.py
        finish pytest_pycollect_makeitem --> None [hook]
        pytest_pycollect_makeitem [hook]
            collector: <Module tests/test_default.py>
            name: __cached__
            obj: /home/sudheer/workspace/gavika/ansible-roles/easy_rsa/molecule/default/tests/__pycache__/test_default.cpython-37-PYTEST.pyc
        finish pytest_pycollect_makeitem --> None [hook]
        pytest_pycollect_makeitem [hook]
            collector: <Module tests/test_default.py>
            name: __builtins__
            obj: {'__name__': 'builtins', '__doc__': "Built-in functions, exceptions, and other objects.\n\nNoteworthy: None is the `nil' object; Ellipsis represents `...' in slices.", '__package__': '', '__loader__': <class '_frozen_importlib.BuiltinImporter'>, '__spec__': ModuleSpec(name='builtins', loader=<class '_frozen_importlib.BuiltinImporter'>), '__build_class__': <built-in function __build_class__>, '__import__': <built-in function __import__>, 'abs': <built-in function abs>, 'all': <built-in function all>, 'any': <built-in function any>, 'ascii': <built-in function ascii>, 'bin': <built-in function bin>, 'breakpoint': <built-in function breakpoint>, 'callable': <built-in function callable>, 'chr': <built-in function chr>, 'compile': <built-in function compile>, 'delattr': <built-in function delattr>, 'dir': <built-in function dir>, 'divmod': <built-in function divmod>, 'eval': <built-in function eval>, 'exec': <built-in function exec>, 'format': <built-in function format>, 'getattr': <built-in function getattr>, 'globals': <built-in function globals>, 'hasattr': <built-in function hasattr>, 'hash': <built-in function hash>, 'hex': <built-in function hex>, 'id': <built-in function id>, 'input': <built-in function input>, 'isinstance': <built-in function isinstance>, 'issubclass': <built-in function issubclass>, 'iter': <built-in function iter>, 'len': <built-in function len>, 'locals': <built-in function locals>, 'max': <built-in function max>, 'min': <built-in function min>, 'next': <built-in function next>, 'oct': <built-in function oct>, 'ord': <built-in function ord>, 'pow': <built-in function pow>, 'print': <built-in function print>, 'repr': <built-in function repr>, 'round': <built-in function round>, 'setattr': <built-in function setattr>, 'sorted': <built-in function sorted>, 'sum': <built-in function sum>, 'vars': <built-in function vars>, 'None': None, 'Ellipsis': Ellipsis, 'NotImplemented': NotImplemented, 'False': False, 'True': True, 'bool': <class 'bool'>, 'memoryview': <class 'memoryview'>, 'bytearray': <class 'bytearray'>, 'bytes': <class 'bytes'>, 'classmethod': <class 'classmethod'>, 'complex': <class 'complex'>, 'dict': <class 'dict'>, 'enumerate': <class 'enumerate'>, 'filter': <class 'filter'>, 'float': <class 'float'>, 'frozenset': <class 'frozenset'>, 'property': <class 'property'>, 'int': <class 'int'>, 'list': <class 'list'>, 'map': <class 'map'>, 'object': <class 'object'>, 'range': <class 'range'>, 'reversed': <class 'reversed'>, 'set': <class 'set'>, 'slice': <class 'slice'>, 'staticmethod': <class 'staticmethod'>, 'str': <class 'str'>, 'super': <class 'super'>, 'tuple': <class 'tuple'>, 'type': <class 'type'>, 'zip': <class 'zip'>, '__debug__': True, 'BaseException': <class 'BaseException'>, 'Exception': <class 'Exception'>, 'TypeError': <class 'TypeError'>, 'StopAsyncIteration': <class 'StopAsyncIteration'>, 'StopIteration': <class 'StopIteration'>, 'GeneratorExit': <class 'GeneratorExit'>, 'SystemExit': <class 'SystemExit'>, 'KeyboardInterrupt': <class 'KeyboardInterrupt'>, 'ImportError': <class 'ImportError'>, 'ModuleNotFoundError': <class 'ModuleNotFoundError'>, 'OSError': <class 'OSError'>, 'EnvironmentError': <class 'OSError'>, 'IOError': <class 'OSError'>, 'EOFError': <class 'EOFError'>, 'RuntimeError': <class 'RuntimeError'>, 'RecursionError': <class 'RecursionError'>, 'NotImplementedError': <class 'NotImplementedError'>, 'NameError': <class 'NameError'>, 'UnboundLocalError': <class 'UnboundLocalError'>, 'AttributeError': <class 'AttributeError'>, 'SyntaxError': <class 'SyntaxError'>, 'IndentationError': <class 'IndentationError'>, 'TabError': <class 'TabError'>, 'LookupError': <class 'LookupError'>, 'IndexError': <class 'IndexError'>, 'KeyError': <class 'KeyError'>, 'ValueError': <class 'ValueError'>, 'UnicodeError': <class 'UnicodeError'>, 'UnicodeEncodeError': <class 'UnicodeEncodeError'>, 'UnicodeDecodeError': <class 'UnicodeDecodeError'>, 'UnicodeTranslateError': <class 'UnicodeTranslateError'>, 'AssertionError': <class 'AssertionError'>, 'ArithmeticError': <class 'ArithmeticError'>, 'FloatingPointError': <class 'FloatingPointError'>, 'OverflowError': <class 'OverflowError'>, 'ZeroDivisionError': <class 'ZeroDivisionError'>, 'SystemError': <class 'SystemError'>, 'ReferenceError': <class 'ReferenceError'>, 'MemoryError': <class 'MemoryError'>, 'BufferError': <class 'BufferError'>, 'Warning': <class 'Warning'>, 'UserWarning': <class 'UserWarning'>, 'DeprecationWarning': <class 'DeprecationWarning'>, 'PendingDeprecationWarning': <class 'PendingDeprecationWarning'>, 'SyntaxWarning': <class 'SyntaxWarning'>, 'RuntimeWarning': <class 'RuntimeWarning'>, 'FutureWarning': <class 'FutureWarning'>, 'ImportWarning': <class 'ImportWarning'>, 'UnicodeWarning': <class 'UnicodeWarning'>, 'BytesWarning': <class 'BytesWarning'>, 'ResourceWarning': <class 'ResourceWarning'>, 'ConnectionError': <class 'ConnectionError'>, 'BlockingIOError': <class 'BlockingIOError'>, 'BrokenPipeError': <class 'BrokenPipeError'>, 'ChildProcessError': <class 'ChildProcessError'>, 'ConnectionAbortedError': <class 'ConnectionAbortedError'>, 'ConnectionRefusedError': <class 'ConnectionRefusedError'>, 'ConnectionResetError': <class 'ConnectionResetError'>, 'FileExistsError': <class 'FileExistsError'>, 'FileNotFoundError': <class 'FileNotFoundError'>, 'IsADirectoryError': <class 'IsADirectoryError'>, 'NotADirectoryError': <class 'NotADirectoryError'>, 'InterruptedError': <class 'InterruptedError'>, 'PermissionError': <class 'PermissionError'>, 'ProcessLookupError': <class 'ProcessLookupError'>, 'TimeoutError': <class 'TimeoutError'>, 'open': <built-in function open>, 'quit': Use quit() or Ctrl-D (i.e. EOF) to exit, 'exit': Use exit() or Ctrl-D (i.e. EOF) to exit, 'copyright': Copyright (c) 2001-2019 Python Software Foundation.
All Rights Reserved.

Copyright (c) 2000 BeOpen.com.
All Rights Reserved.

Copyright (c) 1995-2001 Corporation for National Research Initiatives.
All Rights Reserved.

Copyright (c) 1991-1995 Stichting Mathematisch Centrum, Amsterdam.
All Rights Reserved., 'credits':     Thanks to CWI, CNRI, BeOpen.com, Zope Corporation and a cast of thousands
    for supporting Python development.  See www.python.org for more information., 'license': See https://www.python.org/psf/license/, 'help': Type help() for interactive help, or help(object) for help about object.}
        finish pytest_pycollect_makeitem --> None [hook]
        pytest_pycollect_makeitem [hook]
            collector: <Module tests/test_default.py>
            name: @py_builtins
            obj: <module 'builtins' (built-in)>
        finish pytest_pycollect_makeitem --> None [hook]
        pytest_pycollect_makeitem [hook]
            collector: <Module tests/test_default.py>
            name: @pytest_ar
            obj: <module '_pytest.assertion.rewrite' from '/home/sudheer/workspace/sudheer-projects/ansible-roles/moleculeenv/lib64/python3.7/site-packages/_pytest/assertion/rewrite.py'>
        finish pytest_pycollect_makeitem --> None [hook]
        pytest_pycollect_makeitem [hook]
            collector: <Module tests/test_default.py>
            name: os
            obj: <module 'os' from '/usr/lib64/python3.7/os.py'>
        finish pytest_pycollect_makeitem --> None [hook]
        pytest_pycollect_makeitem [hook]
            collector: <Module tests/test_default.py>
            name: testinfra
            obj: <module 'testinfra' from '/home/sudheer/workspace/sudheer-projects/ansible-roles/moleculeenv/lib64/python3.7/site-packages/testinfra/__init__.py'>
        finish pytest_pycollect_makeitem --> None [hook]
        pytest_pycollect_makeitem [hook]
            collector: <Module tests/test_default.py>
            name: testinfra_hosts
            obj: ['instance']
        finish pytest_pycollect_makeitem --> None [hook]
        pytest_pycollect_makeitem [hook]
            collector: <Module tests/test_default.py>
            name: test_hosts_file
            obj: <function test_hosts_file at 0x7ff327512ea0>
          pytest_generate_tests [hook]
              metafunc: <_pytest.python.Metafunc object at 0x7ff32750de10>
          matched marked file 'testinfra.backend.ansible' (from 'testinfra') [assertion]
          find_module called for: testinfra.backend.ansible [assertion]
          found cached rewritten pyc for '/home/sudheer/workspace/sudheer-projects/ansible-roles/moleculeenv/lib64/python3.7/site-packages/testinfra/backend/ansible.py' [assertion]
          early skip of rewriting module: encodings.unicode_escape [assertion]
          finish pytest_generate_tests --> [] [hook]
        finish pytest_pycollect_makeitem --> [<Function test_hosts_file[ansible://instance]>] [hook]
        pytest_pycollect_makeitem [hook]
            collector: <Module tests/test_default.py>
            name: test_easyrsa_bin
            obj: <function test_easyrsa_bin at 0x7ff327512f28>
          pytest_generate_tests [hook]
              metafunc: <_pytest.python.Metafunc object at 0x7ff327701eb8>
          finish pytest_generate_tests --> [] [hook]
        finish pytest_pycollect_makeitem --> [<Function test_easyrsa_bin[ansible://instance]>] [hook]
        pytest_pycollect_makeitem [hook]
            collector: <Module tests/test_default.py>
            name: test_easyrsa_pki_ca
            obj: <function test_easyrsa_pki_ca at 0x7ff327514048>
          pytest_generate_tests [hook]
              metafunc: <_pytest.python.Metafunc object at 0x7ff3275191d0>
          finish pytest_generate_tests --> [] [hook]
        finish pytest_pycollect_makeitem --> [<Function test_easyrsa_pki_ca[ansible://instance]>] [hook]
        pytest_pycollect_makeitem [hook]
            collector: <Module tests/test_default.py>
            name: __repr__
            obj: <slot wrapper '__repr__' of 'module' objects>
        finish pytest_pycollect_makeitem --> None [hook]
        pytest_pycollect_makeitem [hook]
            collector: <Module tests/test_default.py>
            name: __getattribute__
            obj: <slot wrapper '__getattribute__' of 'module' objects>
        finish pytest_pycollect_makeitem --> None [hook]
        pytest_pycollect_makeitem [hook]
            collector: <Module tests/test_default.py>
            name: __setattr__
            obj: <slot wrapper '__setattr__' of 'module' objects>
        finish pytest_pycollect_makeitem --> None [hook]
        pytest_pycollect_makeitem [hook]
            collector: <Module tests/test_default.py>
            name: __delattr__
            obj: <slot wrapper '__delattr__' of 'module' objects>
        finish pytest_pycollect_makeitem --> None [hook]
        pytest_pycollect_makeitem [hook]
            collector: <Module tests/test_default.py>
            name: __init__
            obj: <slot wrapper '__init__' of 'module' objects>
        finish pytest_pycollect_makeitem --> None [hook]
        pytest_pycollect_makeitem [hook]
            collector: <Module tests/test_default.py>
            name: __new__
            obj: <built-in method __new__ of type object at 0x7ff335f5abc0>
        finish pytest_pycollect_makeitem --> None [hook]
        pytest_pycollect_makeitem [hook]
            collector: <Module tests/test_default.py>
            name: __dir__
            obj: <method '__dir__' of 'module' objects>
        finish pytest_pycollect_makeitem --> None [hook]
        pytest_pycollect_makeitem [hook]
            collector: <Module tests/test_default.py>
            name: __dict__
            obj: <member '__dict__' of 'module' objects>
        finish pytest_pycollect_makeitem --> None [hook]
        pytest_pycollect_makeitem [hook]
            collector: <Module tests/test_default.py>
            name: __hash__
            obj: <slot wrapper '__hash__' of 'object' objects>
        finish pytest_pycollect_makeitem --> None [hook]
        pytest_pycollect_makeitem [hook]
            collector: <Module tests/test_default.py>
            name: __str__
            obj: <slot wrapper '__str__' of 'object' objects>
        finish pytest_pycollect_makeitem --> None [hook]
        pytest_pycollect_makeitem [hook]
            collector: <Module tests/test_default.py>
            name: __lt__
            obj: <slot wrapper '__lt__' of 'object' objects>
        finish pytest_pycollect_makeitem --> None [hook]
        pytest_pycollect_makeitem [hook]
            collector: <Module tests/test_default.py>
            name: __le__
            obj: <slot wrapper '__le__' of 'object' objects>
        finish pytest_pycollect_makeitem --> None [hook]
        pytest_pycollect_makeitem [hook]
            collector: <Module tests/test_default.py>
            name: __eq__
            obj: <slot wrapper '__eq__' of 'object' objects>
        finish pytest_pycollect_makeitem --> None [hook]
        pytest_pycollect_makeitem [hook]
            collector: <Module tests/test_default.py>
            name: __ne__
            obj: <slot wrapper '__ne__' of 'object' objects>
        finish pytest_pycollect_makeitem --> None [hook]
        pytest_pycollect_makeitem [hook]
            collector: <Module tests/test_default.py>
            name: __gt__
            obj: <slot wrapper '__gt__' of 'object' objects>
        finish pytest_pycollect_makeitem --> None [hook]
        pytest_pycollect_makeitem [hook]
            collector: <Module tests/test_default.py>
            name: __ge__
            obj: <slot wrapper '__ge__' of 'object' objects>
        finish pytest_pycollect_makeitem --> None [hook]
        pytest_pycollect_makeitem [hook]
            collector: <Module tests/test_default.py>
            name: __reduce_ex__
            obj: <method '__reduce_ex__' of 'object' objects>
        finish pytest_pycollect_makeitem --> None [hook]
        pytest_pycollect_makeitem [hook]
            collector: <Module tests/test_default.py>
            name: __reduce__
            obj: <method '__reduce__' of 'object' objects>
        finish pytest_pycollect_makeitem --> None [hook]
        pytest_pycollect_makeitem [hook]
            collector: <Module tests/test_default.py>
            name: __subclasshook__
            obj: <method '__subclasshook__' of 'object' objects>
        finish pytest_pycollect_makeitem --> None [hook]
        pytest_pycollect_makeitem [hook]
            collector: <Module tests/test_default.py>
            name: __init_subclass__
            obj: <method '__init_subclass__' of 'object' objects>
        finish pytest_pycollect_makeitem --> None [hook]
        pytest_pycollect_makeitem [hook]
            collector: <Module tests/test_default.py>
            name: __format__
            obj: <method '__format__' of 'object' objects>
        finish pytest_pycollect_makeitem --> None [hook]
        pytest_pycollect_makeitem [hook]
            collector: <Module tests/test_default.py>
            name: __sizeof__
            obj: <method '__sizeof__' of 'object' objects>
        finish pytest_pycollect_makeitem --> None [hook]
        pytest_pycollect_makeitem [hook]
            collector: <Module tests/test_default.py>
            name: __class__
            obj: <attribute '__class__' of 'object' objects>
        finish pytest_pycollect_makeitem --> None [hook]
      finish pytest_make_collect_report --> <CollectReport 'tests/test_default.py' lenresult=3 outcome='passed'> [hook]
    genitems <Function test_hosts_file[ansible://instance]> [collection]
      pytest_itemcollected [hook]
          item: <Function test_hosts_file[ansible://instance]>
      finish pytest_itemcollected --> [] [hook]
    genitems <Function test_easyrsa_bin[ansible://instance]> [collection]
      pytest_itemcollected [hook]
          item: <Function test_easyrsa_bin[ansible://instance]>
      finish pytest_itemcollected --> [] [hook]
    genitems <Function test_easyrsa_pki_ca[ansible://instance]> [collection]
      pytest_itemcollected [hook]
          item: <Function test_easyrsa_pki_ca[ansible://instance]>
      finish pytest_itemcollected --> [] [hook]
      pytest_collectreport [hook]
          report: <CollectReport 'tests/test_default.py' lenresult=3 outcome='passed'>
      finish pytest_collectreport --> [] [hook]
      pytest_collection_modifyitems [hook]
          session: <Session default>
          config: <_pytest.config.Config object at 0x7ff327ba4f28>
          items: [<Function test_hosts_file[ansible://instance]>, <Function test_easyrsa_bin[ansible://instance]>, <Function test_easyrsa_pki_ca[ansible://instance]>]
      finish pytest_collection_modifyitems --> [] [hook]
      pytest_collection_finish [hook]
          session: <Session default>
        pytest_report_collectionfinish [hook]
            config: <_pytest.config.Config object at 0x7ff327ba4f28>
            startdir: /home/sudheer/workspace/gavika/ansible-roles/easy_rsa/molecule/default
            items: [<Function test_hosts_file[ansible://instance]>, <Function test_easyrsa_bin[ansible://instance]>, <Function test_easyrsa_pki_ca[ansible://instance]>]
        finish pytest_report_collectionfinish --> [] [hook]
      finish pytest_collection_finish --> [] [hook]
    finish pytest_collection --> [<Function test_hosts_file[ansible://instance]>, <Function test_easyrsa_bin[ansible://instance]>, <Function test_easyrsa_pki_ca[ansible://instance]>] [hook]
    pytest_runtestloop [hook]
        session: <Session default>
      pytest_runtest_protocol [hook]
          item: <Function test_hosts_file[ansible://instance]>
          nextitem: <Function test_easyrsa_bin[ansible://instance]>
        pytest_runtest_logstart [hook]
            nodeid: tests/test_default.py::test_hosts_file[ansible://instance]
            location: ('tests/test_default.py', 8, 'test_hosts_file[ansible://instance]')
        early skip of rewriting module: py._io.capture [assertion]
        finish pytest_runtest_logstart --> [] [hook]
        pytest_runtest_setup [hook]
            item: <Function test_hosts_file[ansible://instance]>
          pytest_fixture_setup [hook]
              fixturedef: <FixtureDef argname='_testinfra_host' scope='module' baseid=''>
              request: <SubRequest '_testinfra_host' for <Function test_hosts_file[ansible://instance]>>
          finish pytest_fixture_setup --> <testinfra.host.Host object at 0x7ff3276e7a20> [hook]
          pytest_fixture_setup [hook]
              fixturedef: <FixtureDef argname='host' scope='module' baseid=''>
              request: <SubRequest 'host' for <Function test_hosts_file[ansible://instance]>>
          finish pytest_fixture_setup --> <testinfra.host.Host object at 0x7ff3276e7a20> [hook]
        finish pytest_runtest_setup --> [] [hook]
        pytest_runtest_makereport [hook]
            item: <Function test_hosts_file[ansible://instance]>
            call: <CallInfo when='setup' result: []>
        finish pytest_runtest_makereport --> <TestReport 'tests/test_default.py::test_hosts_file[ansible://instance]' when='setup' outcome='passed'> [hook]
        pytest_runtest_logreport [hook]
            report: <TestReport 'tests/test_default.py::test_hosts_file[ansible://instance]' when='setup' outcome='passed'>
          pytest_report_teststatus [hook]
              report: <TestReport 'tests/test_default.py::test_hosts_file[ansible://instance]' when='setup' outcome='passed'>
              config: <_pytest.config.Config object at 0x7ff327ba4f28>
          finish pytest_report_teststatus --> ('', '', '') [hook]
        finish pytest_runtest_logreport --> [] [hook]
        pytest_runtest_call [hook]
            item: <Function test_hosts_file[ansible://instance]>
          pytest_pyfunc_call [hook]
              pyfuncitem: <Function test_hosts_file[ansible://instance]>
          matched marked file 'testinfra.modules.file' (from 'testinfra') [assertion]
          find_module called for: testinfra.modules.file [assertion]
          found cached rewritten pyc for '/home/sudheer/workspace/sudheer-projects/ansible-roles/moleculeenv/lib64/python3.7/site-packages/testinfra/modules/file.py' [assertion]
          matched marked file 'testinfra.modules.base' (from 'testinfra') [assertion]
          find_module called for: testinfra.modules.base [assertion]
          found cached rewritten pyc for '/home/sudheer/workspace/sudheer-projects/ansible-roles/moleculeenv/lib64/python3.7/site-packages/testinfra/modules/base.py' [assertion]
          matched marked file 'testinfra.modules.systeminfo' (from 'testinfra') [assertion]
          find_module called for: testinfra.modules.systeminfo [assertion]
          found cached rewritten pyc for '/home/sudheer/workspace/sudheer-projects/ansible-roles/moleculeenv/lib64/python3.7/site-packages/testinfra/modules/systeminfo.py' [assertion]
          matched marked file 'testinfra.backend.docker' (from 'testinfra') [assertion]
          find_module called for: testinfra.backend.docker [assertion]
          found cached rewritten pyc for '/home/sudheer/workspace/sudheer-projects/ansible-roles/moleculeenv/lib64/python3.7/site-packages/testinfra/backend/docker.py' [assertion]
          finish pytest_pyfunc_call --> True [hook]
        finish pytest_runtest_call --> [] [hook]
        pytest_runtest_makereport [hook]
            item: <Function test_hosts_file[ansible://instance]>
            call: <CallInfo when='call' result: []>
        finish pytest_runtest_makereport --> <TestReport 'tests/test_default.py::test_hosts_file[ansible://instance]' when='call' outcome='passed'> [hook]
        pytest_runtest_logreport [hook]
            report: <TestReport 'tests/test_default.py::test_hosts_file[ansible://instance]' when='call' outcome='passed'>
          pytest_report_teststatus [hook]
              report: <TestReport 'tests/test_default.py::test_hosts_file[ansible://instance]' when='call' outcome='passed'>
              config: <_pytest.config.Config object at 0x7ff327ba4f28>
          finish pytest_report_teststatus --> ('passed', '.', 'PASSED') [hook]
        finish pytest_runtest_logreport --> [] [hook]
        pytest_runtest_teardown [hook]
            item: <Function test_hosts_file[ansible://instance]>
            nextitem: <Function test_easyrsa_bin[ansible://instance]>
        finish pytest_runtest_teardown --> [] [hook]
        pytest_runtest_makereport [hook]
            item: <Function test_hosts_file[ansible://instance]>
            call: <CallInfo when='teardown' result: []>
        finish pytest_runtest_makereport --> <TestReport 'tests/test_default.py::test_hosts_file[ansible://instance]' when='teardown' outcome='passed'> [hook]
        pytest_runtest_logreport [hook]
            report: <TestReport 'tests/test_default.py::test_hosts_file[ansible://instance]' when='teardown' outcome='passed'>
          pytest_report_teststatus [hook]
              report: <TestReport 'tests/test_default.py::test_hosts_file[ansible://instance]' when='teardown' outcome='passed'>
              config: <_pytest.config.Config object at 0x7ff327ba4f28>
          finish pytest_report_teststatus --> ('', '', '') [hook]
        finish pytest_runtest_logreport --> [] [hook]
        pytest_runtest_logfinish [hook]
            nodeid: tests/test_default.py::test_hosts_file[ansible://instance]
            location: ('tests/test_default.py', 8, 'test_hosts_file[ansible://instance]')
        finish pytest_runtest_logfinish --> [] [hook]
      finish pytest_runtest_protocol --> True [hook]
      pytest_runtest_protocol [hook]
          item: <Function test_easyrsa_bin[ansible://instance]>
          nextitem: <Function test_easyrsa_pki_ca[ansible://instance]>
        pytest_runtest_logstart [hook]
            nodeid: tests/test_default.py::test_easyrsa_bin[ansible://instance]
            location: ('tests/test_default.py', 15, 'test_easyrsa_bin[ansible://instance]')
        finish pytest_runtest_logstart --> [] [hook]
        pytest_runtest_setup [hook]
            item: <Function test_easyrsa_bin[ansible://instance]>
        finish pytest_runtest_setup --> [] [hook]
        pytest_runtest_makereport [hook]
            item: <Function test_easyrsa_bin[ansible://instance]>
            call: <CallInfo when='setup' result: []>
        finish pytest_runtest_makereport --> <TestReport 'tests/test_default.py::test_easyrsa_bin[ansible://instance]' when='setup' outcome='passed'> [hook]
        pytest_runtest_logreport [hook]
            report: <TestReport 'tests/test_default.py::test_easyrsa_bin[ansible://instance]' when='setup' outcome='passed'>
          pytest_report_teststatus [hook]
              report: <TestReport 'tests/test_default.py::test_easyrsa_bin[ansible://instance]' when='setup' outcome='passed'>
              config: <_pytest.config.Config object at 0x7ff327ba4f28>
          finish pytest_report_teststatus --> ('', '', '') [hook]
        finish pytest_runtest_logreport --> [] [hook]
        pytest_runtest_call [hook]
            item: <Function test_easyrsa_bin[ansible://instance]>
          pytest_pyfunc_call [hook]
              pyfuncitem: <Function test_easyrsa_bin[ansible://instance]>
          finish pytest_pyfunc_call --> True [hook]
        finish pytest_runtest_call --> [] [hook]
        pytest_runtest_makereport [hook]
            item: <Function test_easyrsa_bin[ansible://instance]>
            call: <CallInfo when='call' result: []>
        finish pytest_runtest_makereport --> <TestReport 'tests/test_default.py::test_easyrsa_bin[ansible://instance]' when='call' outcome='passed'> [hook]
        pytest_runtest_logreport [hook]
            report: <TestReport 'tests/test_default.py::test_easyrsa_bin[ansible://instance]' when='call' outcome='passed'>
          pytest_report_teststatus [hook]
              report: <TestReport 'tests/test_default.py::test_easyrsa_bin[ansible://instance]' when='call' outcome='passed'>
              config: <_pytest.config.Config object at 0x7ff327ba4f28>
          finish pytest_report_teststatus --> ('passed', '.', 'PASSED') [hook]
        finish pytest_runtest_logreport --> [] [hook]
        pytest_runtest_teardown [hook]
            item: <Function test_easyrsa_bin[ansible://instance]>
            nextitem: <Function test_easyrsa_pki_ca[ansible://instance]>
        finish pytest_runtest_teardown --> [] [hook]
        pytest_runtest_makereport [hook]
            item: <Function test_easyrsa_bin[ansible://instance]>
            call: <CallInfo when='teardown' result: []>
        finish pytest_runtest_makereport --> <TestReport 'tests/test_default.py::test_easyrsa_bin[ansible://instance]' when='teardown' outcome='passed'> [hook]
        pytest_runtest_logreport [hook]
            report: <TestReport 'tests/test_default.py::test_easyrsa_bin[ansible://instance]' when='teardown' outcome='passed'>
          pytest_report_teststatus [hook]
              report: <TestReport 'tests/test_default.py::test_easyrsa_bin[ansible://instance]' when='teardown' outcome='passed'>
              config: <_pytest.config.Config object at 0x7ff327ba4f28>
          finish pytest_report_teststatus --> ('', '', '') [hook]
        finish pytest_runtest_logreport --> [] [hook]
        pytest_runtest_logfinish [hook]
            nodeid: tests/test_default.py::test_easyrsa_bin[ansible://instance]
            location: ('tests/test_default.py', 15, 'test_easyrsa_bin[ansible://instance]')
        finish pytest_runtest_logfinish --> [] [hook]
      finish pytest_runtest_protocol --> True [hook]
      pytest_runtest_protocol [hook]
          item: <Function test_easyrsa_pki_ca[ansible://instance]>
          nextitem: None
        pytest_runtest_logstart [hook]
            nodeid: tests/test_default.py::test_easyrsa_pki_ca[ansible://instance]
            location: ('tests/test_default.py', 19, 'test_easyrsa_pki_ca[ansible://instance]')
        finish pytest_runtest_logstart --> [] [hook]
        pytest_runtest_setup [hook]
            item: <Function test_easyrsa_pki_ca[ansible://instance]>
        finish pytest_runtest_setup --> [] [hook]
        pytest_runtest_makereport [hook]
            item: <Function test_easyrsa_pki_ca[ansible://instance]>
            call: <CallInfo when='setup' result: []>
        finish pytest_runtest_makereport --> <TestReport 'tests/test_default.py::test_easyrsa_pki_ca[ansible://instance]' when='setup' outcome='passed'> [hook]
        pytest_runtest_logreport [hook]
            report: <TestReport 'tests/test_default.py::test_easyrsa_pki_ca[ansible://instance]' when='setup' outcome='passed'>
          pytest_report_teststatus [hook]
              report: <TestReport 'tests/test_default.py::test_easyrsa_pki_ca[ansible://instance]' when='setup' outcome='passed'>
              config: <_pytest.config.Config object at 0x7ff327ba4f28>
          finish pytest_report_teststatus --> ('', '', '') [hook]
        finish pytest_runtest_logreport --> [] [hook]
        pytest_runtest_call [hook]
            item: <Function test_easyrsa_pki_ca[ansible://instance]>
          pytest_pyfunc_call [hook]
              pyfuncitem: <Function test_easyrsa_pki_ca[ansible://instance]>
          finish pytest_pyfunc_call --> True [hook]
        finish pytest_runtest_call --> [] [hook]
        pytest_runtest_makereport [hook]
            item: <Function test_easyrsa_pki_ca[ansible://instance]>
            call: <CallInfo when='call' result: []>
        finish pytest_runtest_makereport --> <TestReport 'tests/test_default.py::test_easyrsa_pki_ca[ansible://instance]' when='call' outcome='passed'> [hook]
        pytest_runtest_logreport [hook]
            report: <TestReport 'tests/test_default.py::test_easyrsa_pki_ca[ansible://instance]' when='call' outcome='passed'>
          pytest_report_teststatus [hook]
              report: <TestReport 'tests/test_default.py::test_easyrsa_pki_ca[ansible://instance]' when='call' outcome='passed'>
              config: <_pytest.config.Config object at 0x7ff327ba4f28>
          finish pytest_report_teststatus --> ('passed', '.', 'PASSED') [hook]
        finish pytest_runtest_logreport --> [] [hook]
        pytest_runtest_teardown [hook]
            item: <Function test_easyrsa_pki_ca[ansible://instance]>
            nextitem: None
          pytest_fixture_post_finalizer [hook]
              fixturedef: <FixtureDef argname='host' scope='module' baseid=''>
              request: <SubRequest 'host' for <Function test_easyrsa_pki_ca[ansible://instance]>>
          finish pytest_fixture_post_finalizer --> [] [hook]
          pytest_fixture_post_finalizer [hook]
              fixturedef: <FixtureDef argname='host' scope='module' baseid=''>
              request: <SubRequest 'host' for <Function test_easyrsa_pki_ca[ansible://instance]>>
          finish pytest_fixture_post_finalizer --> [] [hook]
          pytest_fixture_post_finalizer [hook]
              fixturedef: <FixtureDef argname='host' scope='module' baseid=''>
              request: <SubRequest 'host' for <Function test_easyrsa_bin[ansible://instance]>>
          finish pytest_fixture_post_finalizer --> [] [hook]
          pytest_fixture_post_finalizer [hook]
              fixturedef: <FixtureDef argname='host' scope='module' baseid=''>
              request: <SubRequest 'host' for <Function test_hosts_file[ansible://instance]>>
          finish pytest_fixture_post_finalizer --> [] [hook]
          pytest_fixture_post_finalizer [hook]
              fixturedef: <FixtureDef argname='_testinfra_host' scope='module' baseid=''>
              request: <SubRequest '_testinfra_host' for <Function test_easyrsa_pki_ca[ansible://instance]>>
          finish pytest_fixture_post_finalizer --> [] [hook]
          pytest_fixture_post_finalizer [hook]
              fixturedef: <FixtureDef argname='host' scope='module' baseid=''>
              request: <SubRequest 'host' for <Function test_easyrsa_bin[ansible://instance]>>
          finish pytest_fixture_post_finalizer --> [] [hook]
          pytest_fixture_post_finalizer [hook]
              fixturedef: <FixtureDef argname='_testinfra_host' scope='module' baseid=''>
              request: <SubRequest '_testinfra_host' for <Function test_easyrsa_bin[ansible://instance]>>
          finish pytest_fixture_post_finalizer --> [] [hook]
          pytest_fixture_post_finalizer [hook]
              fixturedef: <FixtureDef argname='host' scope='module' baseid=''>
              request: <SubRequest 'host' for <Function test_hosts_file[ansible://instance]>>
          finish pytest_fixture_post_finalizer --> [] [hook]
          pytest_fixture_post_finalizer [hook]
              fixturedef: <FixtureDef argname='_testinfra_host' scope='module' baseid=''>
              request: <SubRequest '_testinfra_host' for <Function test_hosts_file[ansible://instance]>>
          finish pytest_fixture_post_finalizer --> [] [hook]
        finish pytest_runtest_teardown --> [] [hook]
        pytest_runtest_makereport [hook]
            item: <Function test_easyrsa_pki_ca[ansible://instance]>
            call: <CallInfo when='teardown' result: []>
        finish pytest_runtest_makereport --> <TestReport 'tests/test_default.py::test_easyrsa_pki_ca[ansible://instance]' when='teardown' outcome='passed'> [hook]
        pytest_runtest_logreport [hook]
            report: <TestReport 'tests/test_default.py::test_easyrsa_pki_ca[ansible://instance]' when='teardown' outcome='passed'>
          pytest_report_teststatus [hook]
              report: <TestReport 'tests/test_default.py::test_easyrsa_pki_ca[ansible://instance]' when='teardown' outcome='passed'>
              config: <_pytest.config.Config object at 0x7ff327ba4f28>
          finish pytest_report_teststatus --> ('', '', '') [hook]
        finish pytest_runtest_logreport --> [] [hook]
        pytest_runtest_logfinish [hook]
            nodeid: tests/test_default.py::test_easyrsa_pki_ca[ansible://instance]
            location: ('tests/test_default.py', 19, 'test_easyrsa_pki_ca[ansible://instance]')
        finish pytest_runtest_logfinish --> [] [hook]
      finish pytest_runtest_protocol --> True [hook]
    finish pytest_runtestloop --> True [hook]
    pytest_sessionfinish [hook]
        session: <Session default>
        exitstatus: 0
      pytest_terminal_summary [hook]
          terminalreporter: <_pytest.terminal.TerminalReporter object at 0x7ff3276ac2e8>
          exitstatus: 0
          config: <_pytest.config.Config object at 0x7ff327ba4f28>
      finish pytest_terminal_summary --> [] [hook]
    finish pytest_sessionfinish --> [] [hook]
    pytest_unconfigure [hook]
        config: <_pytest.config.Config object at 0x7ff327ba4f28>
    finish pytest_unconfigure --> [] [hook]
